d:\programacion\c++\obligatorio\obligatorio\x64\debug\vc143.pdb
d:\programacion\c++\obligatorio\obligatorio\x64\debug\vc143.idb
d:\programacion\c++\obligatorio\obligatorio\x64\debug\archivo.nativecodeanalysis.sarif
d:\programacion\c++\obligatorio\obligatorio\x64\debug\archivo.nativecodeanalysis.xml
d:\programacion\c++\obligatorio\obligatorio\x64\debug\directorio.nativecodeanalysis.sarif
d:\programacion\c++\obligatorio\obligatorio\x64\debug\directorio.nativecodeanalysis.xml
d:\programacion\c++\obligatorio\obligatorio\x64\debug\fila.nativecodeanalysis.sarif
d:\programacion\c++\obligatorio\obligatorio\x64\debug\fila.nativecodeanalysis.xml
d:\programacion\c++\obligatorio\obligatorio\x64\debug\linea.nativecodeanalysis.sarif
d:\programacion\c++\obligatorio\obligatorio\x64\debug\linea.nativecodeanalysis.xml
d:\programacion\c++\obligatorio\obligatorio\x64\debug\principal.nativecodeanalysis.sarif
d:\programacion\c++\obligatorio\obligatorio\x64\debug\principal.nativecodeanalysis.xml
d:\programacion\c++\obligatorio\obligatorio\x64\debug\utils.nativecodeanalysis.sarif
d:\programacion\c++\obligatorio\obligatorio\x64\debug\utils.nativecodeanalysis.xml
d:\programacion\c++\obligatorio\obligatorio\x64\debug\utils.obj
d:\programacion\c++\obligatorio\obligatorio\x64\debug\principal.obj
d:\programacion\c++\obligatorio\obligatorio\x64\debug\linea.obj
d:\programacion\c++\obligatorio\obligatorio\x64\debug\fila.obj
d:\programacion\c++\obligatorio\obligatorio\x64\debug\directorio.obj
d:\programacion\c++\obligatorio\obligatorio\x64\debug\archivo.obj
d:\programacion\c++\obligatorio\obligatorio\x64\debug\obligatorio.ilk
d:\programacion\c++\obligatorio\x64\debug\obligatorio.exe
d:\programacion\c++\obligatorio\x64\debug\obligatorio.pdb
d:\programacion\c++\obligatorio\obligatorio\x64\debug\vc.nativecodeanalysis.all.xml
d:\programacion\c++\obligatorio\obligatorio\x64\debug\obligatorio.tlog\cl.command.1.tlog
d:\programacion\c++\obligatorio\obligatorio\x64\debug\obligatorio.tlog\cl.items.tlog
d:\programacion\c++\obligatorio\obligatorio\x64\debug\obligatorio.tlog\cl.read.1.tlog
d:\programacion\c++\obligatorio\obligatorio\x64\debug\obligatorio.tlog\cl.write.1.tlog
d:\programacion\c++\obligatorio\obligatorio\x64\debug\obligatorio.tlog\link.command.1.tlog
d:\programacion\c++\obligatorio\obligatorio\x64\debug\obligatorio.tlog\link.read.1.tlog
d:\programacion\c++\obligatorio\obligatorio\x64\debug\obligatorio.tlog\link.write.1.tlog
